{"level":20,"time":1751179085965,"pid":6,"hostname":"9bdbb8c41024","class":"KeycloakService","msg":"keycloakClient={\"transitional\":{\"silentJSONParsing\":true,\"forcedJSONParsing\":true,\"clarifyTimeoutError\":false},\"adapter\":[\"xhr\",\"http\",\"fetch\"],\"transformRequest\":[null],\"transformResponse\":[null],\"timeout\":0,\"xsrfCookieName\":\"XSRF-TOKEN\",\"xsrfHeaderName\":\"X-XSRF-TOKEN\",\"maxContentLength\":-1,\"maxBodyLength\":-1,\"env\":{},\"headers\":{\"common\":{\"Accept\":\"application/json, text/plain, */*\"},\"delete\":{},\"get\":{},\"head\":{},\"post\":{},\"put\":{},\"patch\":{}},\"baseURL\":\"http://keycloak:8080\"}"}
{"level":20,"time":1751179085965,"pid":6,"hostname":"9bdbb8c41024","class":"KeycloakService","msg":"keycloakClient={\"transitional\":{\"silentJSONParsing\":true,\"forcedJSONParsing\":true,\"clarifyTimeoutError\":false},\"adapter\":[\"xhr\",\"http\",\"fetch\"],\"transformRequest\":[null],\"transformResponse\":[null],\"timeout\":0,\"xsrfCookieName\":\"XSRF-TOKEN\",\"xsrfHeaderName\":\"X-XSRF-TOKEN\",\"maxContentLength\":-1,\"maxBodyLength\":-1,\"env\":{},\"headers\":{\"common\":{\"Accept\":\"application/json, text/plain, */*\"},\"delete\":{},\"get\":{},\"head\":{},\"post\":{},\"put\":{},\"patch\":{}},\"baseURL\":\"http://keycloak:8080\"}"}
{"level":20,"time":1751179086101,"pid":6,"hostname":"9bdbb8c41024","class":"KafkaEventDispatcherService","msg":"📩 Registriere Topic \"user.shutdown.orchestrator\" für OrchestratorHandler.handle()"}
{"level":20,"time":1751179086101,"pid":6,"hostname":"9bdbb8c41024","class":"KafkaEventDispatcherService","msg":"📩 Registriere Topic \"user.restart.orchestrator\" für OrchestratorHandler.handle()"}
{"level":20,"time":1751179086101,"pid":6,"hostname":"9bdbb8c41024","class":"KafkaEventDispatcherService","msg":"📩 Registriere Topic \"user.start.orchestrator\" für OrchestratorHandler.handle()"}
{"level":20,"time":1751179086101,"pid":6,"hostname":"9bdbb8c41024","class":"KafkaEventDispatcherService","msg":"📩 Registriere Topic \"all.shutdown.orchestrator\" für OrchestratorHandler.handle()"}
{"level":20,"time":1751179086101,"pid":6,"hostname":"9bdbb8c41024","class":"KafkaEventDispatcherService","msg":"📩 Registriere Topic \"all.restart.orchestrator\" für OrchestratorHandler.handle()"}
{"level":20,"time":1751179086101,"pid":6,"hostname":"9bdbb8c41024","class":"KafkaEventDispatcherService","msg":"📩 Registriere Topic \"all.start.orchestrator\" für OrchestratorHandler.handle()"}
{"level":30,"time":1751179086185,"pid":6,"hostname":"9bdbb8c41024","class":"BannerService","msg":"=== Anwendungsinformationen ==="}
{"level":30,"time":1751179086185,"pid":6,"hostname":"9bdbb8c41024","class":"BannerService","msg":"Anwendungsname: User"}
{"level":30,"time":1751179086185,"pid":6,"hostname":"9bdbb8c41024","class":"BannerService","msg":"Node.js-Version: v23.10.0"}
{"level":30,"time":1751179086185,"pid":6,"hostname":"9bdbb8c41024","class":"BannerService","msg":"Umgebung: development"}
{"level":30,"time":1751179086185,"pid":6,"hostname":"9bdbb8c41024","class":"BannerService","msg":"Host: 9bdbb8c41024"}
{"level":30,"time":1751179086185,"pid":6,"hostname":"9bdbb8c41024","class":"BannerService","msg":"Port: 3000"}
{"level":30,"time":1751179086185,"pid":6,"hostname":"9bdbb8c41024","class":"BannerService","msg":"Datenbank: kk"}
{"level":30,"time":1751179086185,"pid":6,"hostname":"9bdbb8c41024","class":"BannerService","msg":"Betriebssystem: Linux (6.10.14-linuxkit)"}
{"level":30,"time":1751179086185,"pid":6,"hostname":"9bdbb8c41024","class":"BannerService","msg":"Benutzer: node"}
{"level":30,"time":1751179086185,"pid":6,"hostname":"9bdbb8c41024","class":"BannerService","msg":"==============================="}
{"level":40,"time":1751179086186,"pid":6,"hostname":"9bdbb8c41024","class":"DbPopulateService","msg":"postgres: DB wird neu geladen"}
{"level":20,"time":1751179086186,"pid":6,"hostname":"9bdbb8c41024","class":"DbPopulateService","msg":"dropScript = /opt/app/dist/config/resources/db/postgres/drop.sql"}
{"level":20,"time":1751179086218,"pid":6,"hostname":"9bdbb8c41024","class":"DbPopulateService","msg":"createScript = /opt/app/dist/config/resources/db/postgres/create.sql"}
{"level":40,"time":1751179086285,"pid":6,"hostname":"9bdbb8c41024","class":"DbPopulateService","msg":"DB wurde neu geladen"}
{"level":20,"time":1751179101026,"pid":6,"hostname":"9bdbb8c41024","class":"RequestLoggerMiddleware","msg":"method=POST, url=/graphql, header={\"content-type\":\"application/json\",\"accept\":\"*/*\",\"content-length\":\"69\",\"user-agent\":\"minipass-fetch/3.0.5 (+https://github.com/isaacs/minipass-fetch)\",\"accept-encoding\":\"gzip,deflate\",\"host\":\"vibeprofile:3000\",\"connection\":\"keep-alive\"}"}
{"level":20,"time":1751182033260,"pid":7,"hostname":"b3e17836bc60","class":"KeycloakService","msg":"keycloakClient={\"transitional\":{\"silentJSONParsing\":true,\"forcedJSONParsing\":true,\"clarifyTimeoutError\":false},\"adapter\":[\"xhr\",\"http\",\"fetch\"],\"transformRequest\":[null],\"transformResponse\":[null],\"timeout\":0,\"xsrfCookieName\":\"XSRF-TOKEN\",\"xsrfHeaderName\":\"X-XSRF-TOKEN\",\"maxContentLength\":-1,\"maxBodyLength\":-1,\"env\":{},\"headers\":{\"common\":{\"Accept\":\"application/json, text/plain, */*\"},\"delete\":{},\"get\":{},\"head\":{},\"post\":{},\"put\":{},\"patch\":{}},\"baseURL\":\"http://keycloak:8080\"}"}
{"level":20,"time":1751182033261,"pid":7,"hostname":"b3e17836bc60","class":"KeycloakService","msg":"keycloakClient={\"transitional\":{\"silentJSONParsing\":true,\"forcedJSONParsing\":true,\"clarifyTimeoutError\":false},\"adapter\":[\"xhr\",\"http\",\"fetch\"],\"transformRequest\":[null],\"transformResponse\":[null],\"timeout\":0,\"xsrfCookieName\":\"XSRF-TOKEN\",\"xsrfHeaderName\":\"X-XSRF-TOKEN\",\"maxContentLength\":-1,\"maxBodyLength\":-1,\"env\":{},\"headers\":{\"common\":{\"Accept\":\"application/json, text/plain, */*\"},\"delete\":{},\"get\":{},\"head\":{},\"post\":{},\"put\":{},\"patch\":{}},\"baseURL\":\"http://keycloak:8080\"}"}
{"level":20,"time":1751182033413,"pid":7,"hostname":"b3e17836bc60","class":"KafkaEventDispatcherService","msg":"📩 Registriere Topic \"user.shutdown.orchestrator\" für OrchestratorHandler.handle()"}
{"level":20,"time":1751182033413,"pid":7,"hostname":"b3e17836bc60","class":"KafkaEventDispatcherService","msg":"📩 Registriere Topic \"user.restart.orchestrator\" für OrchestratorHandler.handle()"}
{"level":20,"time":1751182033413,"pid":7,"hostname":"b3e17836bc60","class":"KafkaEventDispatcherService","msg":"📩 Registriere Topic \"user.start.orchestrator\" für OrchestratorHandler.handle()"}
{"level":20,"time":1751182033413,"pid":7,"hostname":"b3e17836bc60","class":"KafkaEventDispatcherService","msg":"📩 Registriere Topic \"all.shutdown.orchestrator\" für OrchestratorHandler.handle()"}
{"level":20,"time":1751182033413,"pid":7,"hostname":"b3e17836bc60","class":"KafkaEventDispatcherService","msg":"📩 Registriere Topic \"all.restart.orchestrator\" für OrchestratorHandler.handle()"}
{"level":20,"time":1751182033413,"pid":7,"hostname":"b3e17836bc60","class":"KafkaEventDispatcherService","msg":"📩 Registriere Topic \"all.start.orchestrator\" für OrchestratorHandler.handle()"}
{"level":30,"time":1751182033504,"pid":7,"hostname":"b3e17836bc60","class":"BannerService","msg":"=== Anwendungsinformationen ==="}
{"level":30,"time":1751182033504,"pid":7,"hostname":"b3e17836bc60","class":"BannerService","msg":"Anwendungsname: User"}
{"level":30,"time":1751182033504,"pid":7,"hostname":"b3e17836bc60","class":"BannerService","msg":"Node.js-Version: v23.10.0"}
{"level":30,"time":1751182033504,"pid":7,"hostname":"b3e17836bc60","class":"BannerService","msg":"Umgebung: development"}
{"level":30,"time":1751182033504,"pid":7,"hostname":"b3e17836bc60","class":"BannerService","msg":"Host: b3e17836bc60"}
{"level":30,"time":1751182033504,"pid":7,"hostname":"b3e17836bc60","class":"BannerService","msg":"Port: 3000"}
{"level":30,"time":1751182033504,"pid":7,"hostname":"b3e17836bc60","class":"BannerService","msg":"Datenbank: kk"}
{"level":30,"time":1751182033504,"pid":7,"hostname":"b3e17836bc60","class":"BannerService","msg":"Betriebssystem: Linux (6.10.14-linuxkit)"}
{"level":30,"time":1751182033504,"pid":7,"hostname":"b3e17836bc60","class":"BannerService","msg":"Benutzer: node"}
{"level":30,"time":1751182033504,"pid":7,"hostname":"b3e17836bc60","class":"BannerService","msg":"==============================="}
{"level":40,"time":1751182033505,"pid":7,"hostname":"b3e17836bc60","class":"DbPopulateService","msg":"postgres: DB wird neu geladen"}
{"level":20,"time":1751182033505,"pid":7,"hostname":"b3e17836bc60","class":"DbPopulateService","msg":"dropScript = /opt/app/dist/config/resources/db/postgres/drop.sql"}
{"level":20,"time":1751182033529,"pid":7,"hostname":"b3e17836bc60","class":"DbPopulateService","msg":"createScript = /opt/app/dist/config/resources/db/postgres/create.sql"}
{"level":40,"time":1751182033586,"pid":7,"hostname":"b3e17836bc60","class":"DbPopulateService","msg":"DB wurde neu geladen"}
{"level":20,"time":1751182038612,"pid":7,"hostname":"b3e17836bc60","class":"RequestLoggerMiddleware","msg":"method=POST, url=/graphql, header={\"content-type\":\"application/json\",\"accept\":\"*/*\",\"content-length\":\"69\",\"user-agent\":\"minipass-fetch/3.0.5 (+https://github.com/isaacs/minipass-fetch)\",\"accept-encoding\":\"gzip,deflate\",\"host\":\"vibeprofile:3000\",\"connection\":\"keep-alive\"}"}
{"level":20,"time":1751182264090,"pid":7,"hostname":"b3e17836bc60","class":"RequestLoggerMiddleware","msg":"method=POST, url=/graphql, header={\"content-type\":\"application/json\",\"accept\":\"*/*\",\"content-length\":\"69\",\"user-agent\":\"minipass-fetch/3.0.5 (+https://github.com/isaacs/minipass-fetch)\",\"accept-encoding\":\"gzip,deflate\",\"host\":\"vibeprofile:3000\",\"connection\":\"keep-alive\"}"}
{"level":20,"time":1751263346232,"pid":7,"hostname":"425a0778b886","class":"KeycloakService","msg":"keycloakClient={\"transitional\":{\"silentJSONParsing\":true,\"forcedJSONParsing\":true,\"clarifyTimeoutError\":false},\"adapter\":[\"xhr\",\"http\",\"fetch\"],\"transformRequest\":[null],\"transformResponse\":[null],\"timeout\":0,\"xsrfCookieName\":\"XSRF-TOKEN\",\"xsrfHeaderName\":\"X-XSRF-TOKEN\",\"maxContentLength\":-1,\"maxBodyLength\":-1,\"env\":{},\"headers\":{\"common\":{\"Accept\":\"application/json, text/plain, */*\"},\"delete\":{},\"get\":{},\"head\":{},\"post\":{},\"put\":{},\"patch\":{}},\"baseURL\":\"http://keycloak:8080\"}"}
{"level":20,"time":1751263346233,"pid":7,"hostname":"425a0778b886","class":"KeycloakService","msg":"keycloakClient={\"transitional\":{\"silentJSONParsing\":true,\"forcedJSONParsing\":true,\"clarifyTimeoutError\":false},\"adapter\":[\"xhr\",\"http\",\"fetch\"],\"transformRequest\":[null],\"transformResponse\":[null],\"timeout\":0,\"xsrfCookieName\":\"XSRF-TOKEN\",\"xsrfHeaderName\":\"X-XSRF-TOKEN\",\"maxContentLength\":-1,\"maxBodyLength\":-1,\"env\":{},\"headers\":{\"common\":{\"Accept\":\"application/json, text/plain, */*\"},\"delete\":{},\"get\":{},\"head\":{},\"post\":{},\"put\":{},\"patch\":{}},\"baseURL\":\"http://keycloak:8080\"}"}
{"level":20,"time":1751263346373,"pid":7,"hostname":"425a0778b886","class":"KafkaEventDispatcherService","msg":"📩 Registriere Topic \"user.shutdown.orchestrator\" für OrchestratorHandler.handle()"}
{"level":20,"time":1751263346374,"pid":7,"hostname":"425a0778b886","class":"KafkaEventDispatcherService","msg":"📩 Registriere Topic \"user.restart.orchestrator\" für OrchestratorHandler.handle()"}
{"level":20,"time":1751263346374,"pid":7,"hostname":"425a0778b886","class":"KafkaEventDispatcherService","msg":"📩 Registriere Topic \"user.start.orchestrator\" für OrchestratorHandler.handle()"}
{"level":20,"time":1751263346374,"pid":7,"hostname":"425a0778b886","class":"KafkaEventDispatcherService","msg":"📩 Registriere Topic \"all.shutdown.orchestrator\" für OrchestratorHandler.handle()"}
{"level":20,"time":1751263346374,"pid":7,"hostname":"425a0778b886","class":"KafkaEventDispatcherService","msg":"📩 Registriere Topic \"all.restart.orchestrator\" für OrchestratorHandler.handle()"}
{"level":20,"time":1751263346374,"pid":7,"hostname":"425a0778b886","class":"KafkaEventDispatcherService","msg":"📩 Registriere Topic \"all.start.orchestrator\" für OrchestratorHandler.handle()"}
{"level":30,"time":1751263346458,"pid":7,"hostname":"425a0778b886","class":"BannerService","msg":"=== Anwendungsinformationen ==="}
{"level":30,"time":1751263346459,"pid":7,"hostname":"425a0778b886","class":"BannerService","msg":"Anwendungsname: User"}
{"level":30,"time":1751263346459,"pid":7,"hostname":"425a0778b886","class":"BannerService","msg":"Node.js-Version: v23.10.0"}
{"level":30,"time":1751263346459,"pid":7,"hostname":"425a0778b886","class":"BannerService","msg":"Umgebung: development"}
{"level":30,"time":1751263346459,"pid":7,"hostname":"425a0778b886","class":"BannerService","msg":"Host: 425a0778b886"}
{"level":30,"time":1751263346459,"pid":7,"hostname":"425a0778b886","class":"BannerService","msg":"Port: 3000"}
{"level":30,"time":1751263346459,"pid":7,"hostname":"425a0778b886","class":"BannerService","msg":"Datenbank: kk"}
{"level":30,"time":1751263346459,"pid":7,"hostname":"425a0778b886","class":"BannerService","msg":"Betriebssystem: Linux (6.10.14-linuxkit)"}
{"level":30,"time":1751263346459,"pid":7,"hostname":"425a0778b886","class":"BannerService","msg":"Benutzer: node"}
{"level":30,"time":1751263346459,"pid":7,"hostname":"425a0778b886","class":"BannerService","msg":"==============================="}
{"level":40,"time":1751263346460,"pid":7,"hostname":"425a0778b886","class":"DbPopulateService","msg":"postgres: DB wird neu geladen"}
{"level":20,"time":1751263346460,"pid":7,"hostname":"425a0778b886","class":"DbPopulateService","msg":"dropScript = /opt/app/dist/config/resources/db/postgres/drop.sql"}
{"level":20,"time":1751263346484,"pid":7,"hostname":"425a0778b886","class":"DbPopulateService","msg":"createScript = /opt/app/dist/config/resources/db/postgres/create.sql"}
{"level":40,"time":1751263346552,"pid":7,"hostname":"425a0778b886","class":"DbPopulateService","msg":"DB wurde neu geladen"}
