{"level":20,"time":1751179086033,"pid":7,"hostname":"35101bcd29cc","class":"KeycloakService","msg":"keycloakClient={\"transitional\":{\"silentJSONParsing\":true,\"forcedJSONParsing\":true,\"clarifyTimeoutError\":false},\"adapter\":[\"xhr\",\"http\",\"fetch\"],\"transformRequest\":[null],\"transformResponse\":[null],\"timeout\":0,\"xsrfCookieName\":\"XSRF-TOKEN\",\"xsrfHeaderName\":\"X-XSRF-TOKEN\",\"maxContentLength\":-1,\"maxBodyLength\":-1,\"env\":{},\"headers\":{\"common\":{\"Accept\":\"application/json, text/plain, */*\"},\"delete\":{},\"get\":{},\"head\":{},\"post\":{},\"put\":{},\"patch\":{}},\"baseURL\":\"http://keycloak:8080\"}"}
{"level":20,"time":1751179086033,"pid":7,"hostname":"35101bcd29cc","class":"KeycloakService","msg":"keycloakClient={\"transitional\":{\"silentJSONParsing\":true,\"forcedJSONParsing\":true,\"clarifyTimeoutError\":false},\"adapter\":[\"xhr\",\"http\",\"fetch\"],\"transformRequest\":[null],\"transformResponse\":[null],\"timeout\":0,\"xsrfCookieName\":\"XSRF-TOKEN\",\"xsrfHeaderName\":\"X-XSRF-TOKEN\",\"maxContentLength\":-1,\"maxBodyLength\":-1,\"env\":{},\"headers\":{\"common\":{\"Accept\":\"application/json, text/plain, */*\"},\"delete\":{},\"get\":{},\"head\":{},\"post\":{},\"put\":{},\"patch\":{}},\"baseURL\":\"http://keycloak:8080\"}"}
{"level":20,"time":1751179086111,"pid":7,"hostname":"35101bcd29cc","class":"KafkaEventDispatcherService","msg":"📩 Registriere Topic \"user.shutdown.orchestrator\" für OrchestratorHandler.handle()"}
{"level":20,"time":1751179086111,"pid":7,"hostname":"35101bcd29cc","class":"KafkaEventDispatcherService","msg":"📩 Registriere Topic \"user.restart.orchestrator\" für OrchestratorHandler.handle()"}
{"level":20,"time":1751179086111,"pid":7,"hostname":"35101bcd29cc","class":"KafkaEventDispatcherService","msg":"📩 Registriere Topic \"user.start.orchestrator\" für OrchestratorHandler.handle()"}
{"level":20,"time":1751179086111,"pid":7,"hostname":"35101bcd29cc","class":"KafkaEventDispatcherService","msg":"📩 Registriere Topic \"all.shutdown.orchestrator\" für OrchestratorHandler.handle()"}
{"level":20,"time":1751179086111,"pid":7,"hostname":"35101bcd29cc","class":"KafkaEventDispatcherService","msg":"📩 Registriere Topic \"all.restart.orchestrator\" für OrchestratorHandler.handle()"}
{"level":20,"time":1751179086111,"pid":7,"hostname":"35101bcd29cc","class":"KafkaEventDispatcherService","msg":"📩 Registriere Topic \"all.start.orchestrator\" für OrchestratorHandler.handle()"}
{"level":30,"time":1751179086204,"pid":7,"hostname":"35101bcd29cc","class":"BannerService","msg":"=== Anwendungsinformationen ==="}
{"level":30,"time":1751179086204,"pid":7,"hostname":"35101bcd29cc","class":"BannerService","msg":"Anwendungsname: User"}
{"level":30,"time":1751179086204,"pid":7,"hostname":"35101bcd29cc","class":"BannerService","msg":"Node.js-Version: v23.10.0"}
{"level":30,"time":1751179086204,"pid":7,"hostname":"35101bcd29cc","class":"BannerService","msg":"Umgebung: development"}
{"level":30,"time":1751179086204,"pid":7,"hostname":"35101bcd29cc","class":"BannerService","msg":"Host: 35101bcd29cc"}
{"level":30,"time":1751179086204,"pid":7,"hostname":"35101bcd29cc","class":"BannerService","msg":"Port: 3000"}
{"level":30,"time":1751179086204,"pid":7,"hostname":"35101bcd29cc","class":"BannerService","msg":"Datenbank: user_db"}
{"level":30,"time":1751179086204,"pid":7,"hostname":"35101bcd29cc","class":"BannerService","msg":"Betriebssystem: Linux (6.10.14-linuxkit)"}
{"level":30,"time":1751179086204,"pid":7,"hostname":"35101bcd29cc","class":"BannerService","msg":"Benutzer: node"}
{"level":30,"time":1751179086204,"pid":7,"hostname":"35101bcd29cc","class":"BannerService","msg":"==============================="}
{"level":40,"time":1751179086205,"pid":7,"hostname":"35101bcd29cc","class":"DbPopulateService","msg":"postgres: DB wird neu geladen"}
{"level":20,"time":1751179086205,"pid":7,"hostname":"35101bcd29cc","class":"DbPopulateService","msg":"dropScript = /opt/app/dist/config/resources/db/postgres/drop.sql"}
{"level":20,"time":1751179086246,"pid":7,"hostname":"35101bcd29cc","class":"DbPopulateService","msg":"createScript = /opt/app/dist/config/resources/db/postgres/create.sql"}
{"level":40,"time":1751179086310,"pid":7,"hostname":"35101bcd29cc","class":"DbPopulateService","msg":"DB wurde neu geladen"}
{"level":20,"time":1751179101025,"pid":7,"hostname":"35101bcd29cc","class":"RequestLoggerMiddleware","msg":"method=POST, url=/graphql, header={\"content-type\":\"application/json\",\"accept\":\"*/*\",\"content-length\":\"69\",\"user-agent\":\"minipass-fetch/3.0.5 (+https://github.com/isaacs/minipass-fetch)\",\"accept-encoding\":\"gzip,deflate\",\"host\":\"user:3000\",\"connection\":\"keep-alive\"}"}
{"level":20,"time":1751182033507,"pid":7,"hostname":"d82c0adee8ec","class":"KeycloakService","msg":"keycloakClient={\"transitional\":{\"silentJSONParsing\":true,\"forcedJSONParsing\":true,\"clarifyTimeoutError\":false},\"adapter\":[\"xhr\",\"http\",\"fetch\"],\"transformRequest\":[null],\"transformResponse\":[null],\"timeout\":0,\"xsrfCookieName\":\"XSRF-TOKEN\",\"xsrfHeaderName\":\"X-XSRF-TOKEN\",\"maxContentLength\":-1,\"maxBodyLength\":-1,\"env\":{},\"headers\":{\"common\":{\"Accept\":\"application/json, text/plain, */*\"},\"delete\":{},\"get\":{},\"head\":{},\"post\":{},\"put\":{},\"patch\":{}},\"baseURL\":\"http://keycloak:8080\"}"}
{"level":20,"time":1751182033507,"pid":7,"hostname":"d82c0adee8ec","class":"KeycloakService","msg":"keycloakClient={\"transitional\":{\"silentJSONParsing\":true,\"forcedJSONParsing\":true,\"clarifyTimeoutError\":false},\"adapter\":[\"xhr\",\"http\",\"fetch\"],\"transformRequest\":[null],\"transformResponse\":[null],\"timeout\":0,\"xsrfCookieName\":\"XSRF-TOKEN\",\"xsrfHeaderName\":\"X-XSRF-TOKEN\",\"maxContentLength\":-1,\"maxBodyLength\":-1,\"env\":{},\"headers\":{\"common\":{\"Accept\":\"application/json, text/plain, */*\"},\"delete\":{},\"get\":{},\"head\":{},\"post\":{},\"put\":{},\"patch\":{}},\"baseURL\":\"http://keycloak:8080\"}"}
{"level":20,"time":1751182033578,"pid":7,"hostname":"d82c0adee8ec","class":"KafkaEventDispatcherService","msg":"📩 Registriere Topic \"user.shutdown.orchestrator\" für OrchestratorHandler.handle()"}
{"level":20,"time":1751182033578,"pid":7,"hostname":"d82c0adee8ec","class":"KafkaEventDispatcherService","msg":"📩 Registriere Topic \"user.restart.orchestrator\" für OrchestratorHandler.handle()"}
{"level":20,"time":1751182033578,"pid":7,"hostname":"d82c0adee8ec","class":"KafkaEventDispatcherService","msg":"📩 Registriere Topic \"user.start.orchestrator\" für OrchestratorHandler.handle()"}
{"level":20,"time":1751182033578,"pid":7,"hostname":"d82c0adee8ec","class":"KafkaEventDispatcherService","msg":"📩 Registriere Topic \"all.shutdown.orchestrator\" für OrchestratorHandler.handle()"}
{"level":20,"time":1751182033578,"pid":7,"hostname":"d82c0adee8ec","class":"KafkaEventDispatcherService","msg":"📩 Registriere Topic \"all.restart.orchestrator\" für OrchestratorHandler.handle()"}
{"level":20,"time":1751182033578,"pid":7,"hostname":"d82c0adee8ec","class":"KafkaEventDispatcherService","msg":"📩 Registriere Topic \"all.start.orchestrator\" für OrchestratorHandler.handle()"}
{"level":30,"time":1751182033659,"pid":7,"hostname":"d82c0adee8ec","class":"BannerService","msg":"=== Anwendungsinformationen ==="}
{"level":30,"time":1751182033659,"pid":7,"hostname":"d82c0adee8ec","class":"BannerService","msg":"Anwendungsname: User"}
{"level":30,"time":1751182033659,"pid":7,"hostname":"d82c0adee8ec","class":"BannerService","msg":"Node.js-Version: v23.10.0"}
{"level":30,"time":1751182033659,"pid":7,"hostname":"d82c0adee8ec","class":"BannerService","msg":"Umgebung: development"}
{"level":30,"time":1751182033659,"pid":7,"hostname":"d82c0adee8ec","class":"BannerService","msg":"Host: d82c0adee8ec"}
{"level":30,"time":1751182033659,"pid":7,"hostname":"d82c0adee8ec","class":"BannerService","msg":"Port: 3000"}
{"level":30,"time":1751182033659,"pid":7,"hostname":"d82c0adee8ec","class":"BannerService","msg":"Datenbank: user_db"}
{"level":30,"time":1751182033659,"pid":7,"hostname":"d82c0adee8ec","class":"BannerService","msg":"Betriebssystem: Linux (6.10.14-linuxkit)"}
{"level":30,"time":1751182033659,"pid":7,"hostname":"d82c0adee8ec","class":"BannerService","msg":"Benutzer: node"}
{"level":30,"time":1751182033659,"pid":7,"hostname":"d82c0adee8ec","class":"BannerService","msg":"==============================="}
{"level":40,"time":1751182033660,"pid":7,"hostname":"d82c0adee8ec","class":"DbPopulateService","msg":"postgres: DB wird neu geladen"}
{"level":20,"time":1751182033660,"pid":7,"hostname":"d82c0adee8ec","class":"DbPopulateService","msg":"dropScript = /opt/app/dist/config/resources/db/postgres/drop.sql"}
{"level":20,"time":1751182033681,"pid":7,"hostname":"d82c0adee8ec","class":"DbPopulateService","msg":"createScript = /opt/app/dist/config/resources/db/postgres/create.sql"}
{"level":40,"time":1751182033730,"pid":7,"hostname":"d82c0adee8ec","class":"DbPopulateService","msg":"DB wurde neu geladen"}
{"level":20,"time":1751182038614,"pid":7,"hostname":"d82c0adee8ec","class":"RequestLoggerMiddleware","msg":"method=POST, url=/graphql, header={\"content-type\":\"application/json\",\"accept\":\"*/*\",\"content-length\":\"69\",\"user-agent\":\"minipass-fetch/3.0.5 (+https://github.com/isaacs/minipass-fetch)\",\"accept-encoding\":\"gzip,deflate\",\"host\":\"user:3000\",\"connection\":\"keep-alive\"}"}
{"level":20,"time":1751182264090,"pid":7,"hostname":"d82c0adee8ec","class":"RequestLoggerMiddleware","msg":"method=POST, url=/graphql, header={\"content-type\":\"application/json\",\"accept\":\"*/*\",\"content-length\":\"69\",\"user-agent\":\"minipass-fetch/3.0.5 (+https://github.com/isaacs/minipass-fetch)\",\"accept-encoding\":\"gzip,deflate\",\"host\":\"user:3000\",\"connection\":\"keep-alive\"}"}
