{"level":20,"time":1751179086088,"pid":6,"hostname":"ddac37490c77","class":"KeycloakService","msg":"keycloakClient={\"transitional\":{\"silentJSONParsing\":true,\"forcedJSONParsing\":true,\"clarifyTimeoutError\":false},\"adapter\":[\"xhr\",\"http\",\"fetch\"],\"transformRequest\":[null],\"transformResponse\":[null],\"timeout\":0,\"xsrfCookieName\":\"XSRF-TOKEN\",\"xsrfHeaderName\":\"X-XSRF-TOKEN\",\"maxContentLength\":-1,\"maxBodyLength\":-1,\"env\":{},\"headers\":{\"common\":{\"Accept\":\"application/json, text/plain, */*\"},\"delete\":{},\"get\":{},\"head\":{},\"post\":{},\"put\":{},\"patch\":{}},\"baseURL\":\"http://keycloak:8080/auth\"}"}
{"level":20,"time":1751179086089,"pid":6,"hostname":"ddac37490c77","class":"KeycloakService","msg":"keycloakClient={\"transitional\":{\"silentJSONParsing\":true,\"forcedJSONParsing\":true,\"clarifyTimeoutError\":false},\"adapter\":[\"xhr\",\"http\",\"fetch\"],\"transformRequest\":[null],\"transformResponse\":[null],\"timeout\":0,\"xsrfCookieName\":\"XSRF-TOKEN\",\"xsrfHeaderName\":\"X-XSRF-TOKEN\",\"maxContentLength\":-1,\"maxBodyLength\":-1,\"env\":{},\"headers\":{\"common\":{\"Accept\":\"application/json, text/plain, */*\"},\"delete\":{},\"get\":{},\"head\":{},\"post\":{},\"put\":{},\"patch\":{}},\"baseURL\":\"http://keycloak:8080/auth\"}"}
{"level":30,"time":1751179087090,"pid":6,"hostname":"ddac37490c77","class":"BannerService","msg":"=== Anwendungsinformationen ==="}
{"level":30,"time":1751179087090,"pid":6,"hostname":"ddac37490c77","class":"BannerService","msg":"Anwendungsname: Product"}
{"level":30,"time":1751179087090,"pid":6,"hostname":"ddac37490c77","class":"BannerService","msg":"Node.js-Version: v23.10.0"}
{"level":30,"time":1751179087090,"pid":6,"hostname":"ddac37490c77","class":"BannerService","msg":"Umgebung: development"}
{"level":30,"time":1751179087090,"pid":6,"hostname":"ddac37490c77","class":"BannerService","msg":"Protokol: http"}
{"level":30,"time":1751179087090,"pid":6,"hostname":"ddac37490c77","class":"BannerService","msg":"Host: ddac37490c77"}
{"level":30,"time":1751179087090,"pid":6,"hostname":"ddac37490c77","class":"BannerService","msg":"Port: 3000"}
{"level":30,"time":1751179087090,"pid":6,"hostname":"ddac37490c77","class":"BannerService","msg":"Datenbank: notification"}
{"level":30,"time":1751179087090,"pid":6,"hostname":"ddac37490c77","class":"BannerService","msg":"Betriebssystem: Linux (6.10.14-linuxkit)"}
{"level":30,"time":1751179087090,"pid":6,"hostname":"ddac37490c77","class":"BannerService","msg":"Benutzer: node"}
{"level":30,"time":1751179087090,"pid":6,"hostname":"ddac37490c77","class":"BannerService","msg":"Swagger UI: /swagger"}
{"level":30,"time":1751179087090,"pid":6,"hostname":"ddac37490c77","class":"BannerService","msg":"==============================="}
{"level":20,"time":1751179101026,"pid":6,"hostname":"ddac37490c77","class":"RequestLoggerMiddleware","msg":"method=POST, url=/graphql, header={\"content-type\":\"application/json\",\"accept\":\"*/*\",\"content-length\":\"69\",\"user-agent\":\"minipass-fetch/3.0.5 (+https://github.com/isaacs/minipass-fetch)\",\"accept-encoding\":\"gzip,deflate\",\"host\":\"notification:3000\",\"connection\":\"keep-alive\"}"}
{"level":20,"time":1751182033556,"pid":7,"hostname":"ac4e7d892518","class":"KeycloakService","msg":"keycloakClient={\"transitional\":{\"silentJSONParsing\":true,\"forcedJSONParsing\":true,\"clarifyTimeoutError\":false},\"adapter\":[\"xhr\",\"http\",\"fetch\"],\"transformRequest\":[null],\"transformResponse\":[null],\"timeout\":0,\"xsrfCookieName\":\"XSRF-TOKEN\",\"xsrfHeaderName\":\"X-XSRF-TOKEN\",\"maxContentLength\":-1,\"maxBodyLength\":-1,\"env\":{},\"headers\":{\"common\":{\"Accept\":\"application/json, text/plain, */*\"},\"delete\":{},\"get\":{},\"head\":{},\"post\":{},\"put\":{},\"patch\":{}},\"baseURL\":\"http://keycloak:8080/auth\"}"}
{"level":20,"time":1751182033556,"pid":7,"hostname":"ac4e7d892518","class":"KeycloakService","msg":"keycloakClient={\"transitional\":{\"silentJSONParsing\":true,\"forcedJSONParsing\":true,\"clarifyTimeoutError\":false},\"adapter\":[\"xhr\",\"http\",\"fetch\"],\"transformRequest\":[null],\"transformResponse\":[null],\"timeout\":0,\"xsrfCookieName\":\"XSRF-TOKEN\",\"xsrfHeaderName\":\"X-XSRF-TOKEN\",\"maxContentLength\":-1,\"maxBodyLength\":-1,\"env\":{},\"headers\":{\"common\":{\"Accept\":\"application/json, text/plain, */*\"},\"delete\":{},\"get\":{},\"head\":{},\"post\":{},\"put\":{},\"patch\":{}},\"baseURL\":\"http://keycloak:8080/auth\"}"}
{"level":30,"time":1751182034478,"pid":7,"hostname":"ac4e7d892518","class":"BannerService","msg":"=== Anwendungsinformationen ==="}
{"level":30,"time":1751182034478,"pid":7,"hostname":"ac4e7d892518","class":"BannerService","msg":"Anwendungsname: Product"}
{"level":30,"time":1751182034478,"pid":7,"hostname":"ac4e7d892518","class":"BannerService","msg":"Node.js-Version: v23.10.0"}
{"level":30,"time":1751182034478,"pid":7,"hostname":"ac4e7d892518","class":"BannerService","msg":"Umgebung: development"}
{"level":30,"time":1751182034478,"pid":7,"hostname":"ac4e7d892518","class":"BannerService","msg":"Protokol: http"}
{"level":30,"time":1751182034478,"pid":7,"hostname":"ac4e7d892518","class":"BannerService","msg":"Host: ac4e7d892518"}
{"level":30,"time":1751182034478,"pid":7,"hostname":"ac4e7d892518","class":"BannerService","msg":"Port: 3000"}
{"level":30,"time":1751182034478,"pid":7,"hostname":"ac4e7d892518","class":"BannerService","msg":"Datenbank: notification"}
{"level":30,"time":1751182034478,"pid":7,"hostname":"ac4e7d892518","class":"BannerService","msg":"Betriebssystem: Linux (6.10.14-linuxkit)"}
{"level":30,"time":1751182034479,"pid":7,"hostname":"ac4e7d892518","class":"BannerService","msg":"Benutzer: node"}
{"level":30,"time":1751182034479,"pid":7,"hostname":"ac4e7d892518","class":"BannerService","msg":"Swagger UI: /swagger"}
{"level":30,"time":1751182034479,"pid":7,"hostname":"ac4e7d892518","class":"BannerService","msg":"==============================="}
{"level":20,"time":1751182038612,"pid":7,"hostname":"ac4e7d892518","class":"RequestLoggerMiddleware","msg":"method=POST, url=/graphql, header={\"content-type\":\"application/json\",\"accept\":\"*/*\",\"content-length\":\"69\",\"user-agent\":\"minipass-fetch/3.0.5 (+https://github.com/isaacs/minipass-fetch)\",\"accept-encoding\":\"gzip,deflate\",\"host\":\"notification:3000\",\"connection\":\"keep-alive\"}"}
{"level":20,"time":1751182264090,"pid":7,"hostname":"ac4e7d892518","class":"RequestLoggerMiddleware","msg":"method=POST, url=/graphql, header={\"content-type\":\"application/json\",\"accept\":\"*/*\",\"content-length\":\"69\",\"user-agent\":\"minipass-fetch/3.0.5 (+https://github.com/isaacs/minipass-fetch)\",\"accept-encoding\":\"gzip,deflate\",\"host\":\"notification:3000\",\"connection\":\"keep-alive\"}"}
