{"level":20,"time":1751179085930,"pid":7,"hostname":"3fa1c220be3f","class":"KeycloakService","msg":"keycloakClient={\"transitional\":{\"silentJSONParsing\":true,\"forcedJSONParsing\":true,\"clarifyTimeoutError\":false},\"adapter\":[\"xhr\",\"http\",\"fetch\"],\"transformRequest\":[null],\"transformResponse\":[null],\"timeout\":0,\"xsrfCookieName\":\"XSRF-TOKEN\",\"xsrfHeaderName\":\"X-XSRF-TOKEN\",\"maxContentLength\":-1,\"maxBodyLength\":-1,\"env\":{},\"headers\":{\"common\":{\"Accept\":\"application/json, text/plain, */*\"},\"delete\":{},\"get\":{},\"head\":{},\"post\":{},\"put\":{},\"patch\":{}},\"baseURL\":\"http://keycloak:8080\"}"}
{"level":20,"time":1751179085931,"pid":7,"hostname":"3fa1c220be3f","class":"KeycloakService","msg":"keycloakClient={\"transitional\":{\"silentJSONParsing\":true,\"forcedJSONParsing\":true,\"clarifyTimeoutError\":false},\"adapter\":[\"xhr\",\"http\",\"fetch\"],\"transformRequest\":[null],\"transformResponse\":[null],\"timeout\":0,\"xsrfCookieName\":\"XSRF-TOKEN\",\"xsrfHeaderName\":\"X-XSRF-TOKEN\",\"maxContentLength\":-1,\"maxBodyLength\":-1,\"env\":{},\"headers\":{\"common\":{\"Accept\":\"application/json, text/plain, */*\"},\"delete\":{},\"get\":{},\"head\":{},\"post\":{},\"put\":{},\"patch\":{}},\"baseURL\":\"http://keycloak:8080\"}"}
{"level":20,"time":1751179086074,"pid":7,"hostname":"3fa1c220be3f","class":"KafkaEventDispatcherService","msg":"📩 Registriere Topic \"user.shutdown.orchestrator\" für OrchestratorHandler.handle()"}
{"level":20,"time":1751179086074,"pid":7,"hostname":"3fa1c220be3f","class":"KafkaEventDispatcherService","msg":"📩 Registriere Topic \"user.restart.orchestrator\" für OrchestratorHandler.handle()"}
{"level":20,"time":1751179086074,"pid":7,"hostname":"3fa1c220be3f","class":"KafkaEventDispatcherService","msg":"📩 Registriere Topic \"user.start.orchestrator\" für OrchestratorHandler.handle()"}
{"level":20,"time":1751179086074,"pid":7,"hostname":"3fa1c220be3f","class":"KafkaEventDispatcherService","msg":"📩 Registriere Topic \"all.shutdown.orchestrator\" für OrchestratorHandler.handle()"}
{"level":20,"time":1751179086074,"pid":7,"hostname":"3fa1c220be3f","class":"KafkaEventDispatcherService","msg":"📩 Registriere Topic \"all.restart.orchestrator\" für OrchestratorHandler.handle()"}
{"level":20,"time":1751179086074,"pid":7,"hostname":"3fa1c220be3f","class":"KafkaEventDispatcherService","msg":"📩 Registriere Topic \"all.start.orchestrator\" für OrchestratorHandler.handle()"}
{"level":30,"time":1751179086171,"pid":7,"hostname":"3fa1c220be3f","class":"BannerService","msg":"=== Anwendungsinformationen ==="}
{"level":30,"time":1751179086171,"pid":7,"hostname":"3fa1c220be3f","class":"BannerService","msg":"Anwendungsname: User"}
{"level":30,"time":1751179086172,"pid":7,"hostname":"3fa1c220be3f","class":"BannerService","msg":"Node.js-Version: v23.10.0"}
{"level":30,"time":1751179086172,"pid":7,"hostname":"3fa1c220be3f","class":"BannerService","msg":"Umgebung: development"}
{"level":30,"time":1751179086172,"pid":7,"hostname":"3fa1c220be3f","class":"BannerService","msg":"Host: 3fa1c220be3f"}
{"level":30,"time":1751179086172,"pid":7,"hostname":"3fa1c220be3f","class":"BannerService","msg":"Port: 3000"}
{"level":30,"time":1751179086172,"pid":7,"hostname":"3fa1c220be3f","class":"BannerService","msg":"Datenbank: kk"}
{"level":30,"time":1751179086172,"pid":7,"hostname":"3fa1c220be3f","class":"BannerService","msg":"Betriebssystem: Linux (6.10.14-linuxkit)"}
{"level":30,"time":1751179086172,"pid":7,"hostname":"3fa1c220be3f","class":"BannerService","msg":"Benutzer: node"}
{"level":30,"time":1751179086172,"pid":7,"hostname":"3fa1c220be3f","class":"BannerService","msg":"==============================="}
{"level":40,"time":1751179086173,"pid":7,"hostname":"3fa1c220be3f","class":"DbPopulateService","msg":"postgres: DB wird neu geladen"}
{"level":20,"time":1751179086173,"pid":7,"hostname":"3fa1c220be3f","class":"DbPopulateService","msg":"dropScript = /opt/app/dist/config/resources/db/postgres/drop.sql"}
{"level":20,"time":1751179086206,"pid":7,"hostname":"3fa1c220be3f","class":"DbPopulateService","msg":"createScript = /opt/app/dist/config/resources/db/postgres/create.sql"}
{"level":40,"time":1751179086283,"pid":7,"hostname":"3fa1c220be3f","class":"DbPopulateService","msg":"DB wurde neu geladen"}
{"level":20,"time":1751179101020,"pid":7,"hostname":"3fa1c220be3f","class":"RequestLoggerMiddleware","msg":"method=POST, url=/graphql, header={\"content-type\":\"application/json\",\"accept\":\"*/*\",\"content-length\":\"69\",\"user-agent\":\"minipass-fetch/3.0.5 (+https://github.com/isaacs/minipass-fetch)\",\"accept-encoding\":\"gzip,deflate\",\"host\":\"answer:3000\",\"connection\":\"keep-alive\"}"}
{"level":20,"time":1751182033388,"pid":7,"hostname":"6a9d021e15d8","class":"KeycloakService","msg":"keycloakClient={\"transitional\":{\"silentJSONParsing\":true,\"forcedJSONParsing\":true,\"clarifyTimeoutError\":false},\"adapter\":[\"xhr\",\"http\",\"fetch\"],\"transformRequest\":[null],\"transformResponse\":[null],\"timeout\":0,\"xsrfCookieName\":\"XSRF-TOKEN\",\"xsrfHeaderName\":\"X-XSRF-TOKEN\",\"maxContentLength\":-1,\"maxBodyLength\":-1,\"env\":{},\"headers\":{\"common\":{\"Accept\":\"application/json, text/plain, */*\"},\"delete\":{},\"get\":{},\"head\":{},\"post\":{},\"put\":{},\"patch\":{}},\"baseURL\":\"http://keycloak:8080\"}"}
{"level":20,"time":1751182033388,"pid":7,"hostname":"6a9d021e15d8","class":"KeycloakService","msg":"keycloakClient={\"transitional\":{\"silentJSONParsing\":true,\"forcedJSONParsing\":true,\"clarifyTimeoutError\":false},\"adapter\":[\"xhr\",\"http\",\"fetch\"],\"transformRequest\":[null],\"transformResponse\":[null],\"timeout\":0,\"xsrfCookieName\":\"XSRF-TOKEN\",\"xsrfHeaderName\":\"X-XSRF-TOKEN\",\"maxContentLength\":-1,\"maxBodyLength\":-1,\"env\":{},\"headers\":{\"common\":{\"Accept\":\"application/json, text/plain, */*\"},\"delete\":{},\"get\":{},\"head\":{},\"post\":{},\"put\":{},\"patch\":{}},\"baseURL\":\"http://keycloak:8080\"}"}
{"level":20,"time":1751182033522,"pid":7,"hostname":"6a9d021e15d8","class":"KafkaEventDispatcherService","msg":"📩 Registriere Topic \"user.shutdown.orchestrator\" für OrchestratorHandler.handle()"}
{"level":20,"time":1751182033522,"pid":7,"hostname":"6a9d021e15d8","class":"KafkaEventDispatcherService","msg":"📩 Registriere Topic \"user.restart.orchestrator\" für OrchestratorHandler.handle()"}
{"level":20,"time":1751182033522,"pid":7,"hostname":"6a9d021e15d8","class":"KafkaEventDispatcherService","msg":"📩 Registriere Topic \"user.start.orchestrator\" für OrchestratorHandler.handle()"}
{"level":20,"time":1751182033522,"pid":7,"hostname":"6a9d021e15d8","class":"KafkaEventDispatcherService","msg":"📩 Registriere Topic \"all.shutdown.orchestrator\" für OrchestratorHandler.handle()"}
{"level":20,"time":1751182033522,"pid":7,"hostname":"6a9d021e15d8","class":"KafkaEventDispatcherService","msg":"📩 Registriere Topic \"all.restart.orchestrator\" für OrchestratorHandler.handle()"}
{"level":20,"time":1751182033522,"pid":7,"hostname":"6a9d021e15d8","class":"KafkaEventDispatcherService","msg":"📩 Registriere Topic \"all.start.orchestrator\" für OrchestratorHandler.handle()"}
{"level":30,"time":1751182033596,"pid":7,"hostname":"6a9d021e15d8","class":"BannerService","msg":"=== Anwendungsinformationen ==="}
{"level":30,"time":1751182033597,"pid":7,"hostname":"6a9d021e15d8","class":"BannerService","msg":"Anwendungsname: User"}
{"level":30,"time":1751182033597,"pid":7,"hostname":"6a9d021e15d8","class":"BannerService","msg":"Node.js-Version: v23.10.0"}
{"level":30,"time":1751182033597,"pid":7,"hostname":"6a9d021e15d8","class":"BannerService","msg":"Umgebung: development"}
{"level":30,"time":1751182033597,"pid":7,"hostname":"6a9d021e15d8","class":"BannerService","msg":"Host: 6a9d021e15d8"}
{"level":30,"time":1751182033597,"pid":7,"hostname":"6a9d021e15d8","class":"BannerService","msg":"Port: 3000"}
{"level":30,"time":1751182033597,"pid":7,"hostname":"6a9d021e15d8","class":"BannerService","msg":"Datenbank: kk"}
{"level":30,"time":1751182033597,"pid":7,"hostname":"6a9d021e15d8","class":"BannerService","msg":"Betriebssystem: Linux (6.10.14-linuxkit)"}
{"level":30,"time":1751182033597,"pid":7,"hostname":"6a9d021e15d8","class":"BannerService","msg":"Benutzer: node"}
{"level":30,"time":1751182033597,"pid":7,"hostname":"6a9d021e15d8","class":"BannerService","msg":"==============================="}
{"level":40,"time":1751182033597,"pid":7,"hostname":"6a9d021e15d8","class":"DbPopulateService","msg":"postgres: DB wird neu geladen"}
{"level":20,"time":1751182033597,"pid":7,"hostname":"6a9d021e15d8","class":"DbPopulateService","msg":"dropScript = /opt/app/dist/config/resources/db/postgres/drop.sql"}
{"level":20,"time":1751182033621,"pid":7,"hostname":"6a9d021e15d8","class":"DbPopulateService","msg":"createScript = /opt/app/dist/config/resources/db/postgres/create.sql"}
{"level":40,"time":1751182033664,"pid":7,"hostname":"6a9d021e15d8","class":"DbPopulateService","msg":"DB wurde neu geladen"}
{"level":20,"time":1751182038611,"pid":7,"hostname":"6a9d021e15d8","class":"RequestLoggerMiddleware","msg":"method=POST, url=/graphql, header={\"content-type\":\"application/json\",\"accept\":\"*/*\",\"content-length\":\"69\",\"user-agent\":\"minipass-fetch/3.0.5 (+https://github.com/isaacs/minipass-fetch)\",\"accept-encoding\":\"gzip,deflate\",\"host\":\"answer:3000\",\"connection\":\"keep-alive\"}"}
{"level":20,"time":1751182264091,"pid":7,"hostname":"6a9d021e15d8","class":"RequestLoggerMiddleware","msg":"method=POST, url=/graphql, header={\"content-type\":\"application/json\",\"accept\":\"*/*\",\"content-length\":\"69\",\"user-agent\":\"minipass-fetch/3.0.5 (+https://github.com/isaacs/minipass-fetch)\",\"accept-encoding\":\"gzip,deflate\",\"host\":\"answer:3000\",\"connection\":\"keep-alive\"}"}
{"level":20,"time":1751263346110,"pid":7,"hostname":"020e2065a895","class":"KeycloakService","msg":"keycloakClient={\"transitional\":{\"silentJSONParsing\":true,\"forcedJSONParsing\":true,\"clarifyTimeoutError\":false},\"adapter\":[\"xhr\",\"http\",\"fetch\"],\"transformRequest\":[null],\"transformResponse\":[null],\"timeout\":0,\"xsrfCookieName\":\"XSRF-TOKEN\",\"xsrfHeaderName\":\"X-XSRF-TOKEN\",\"maxContentLength\":-1,\"maxBodyLength\":-1,\"env\":{},\"headers\":{\"common\":{\"Accept\":\"application/json, text/plain, */*\"},\"delete\":{},\"get\":{},\"head\":{},\"post\":{},\"put\":{},\"patch\":{}},\"baseURL\":\"http://keycloak:8080\"}"}
{"level":20,"time":1751263346110,"pid":7,"hostname":"020e2065a895","class":"KeycloakService","msg":"keycloakClient={\"transitional\":{\"silentJSONParsing\":true,\"forcedJSONParsing\":true,\"clarifyTimeoutError\":false},\"adapter\":[\"xhr\",\"http\",\"fetch\"],\"transformRequest\":[null],\"transformResponse\":[null],\"timeout\":0,\"xsrfCookieName\":\"XSRF-TOKEN\",\"xsrfHeaderName\":\"X-XSRF-TOKEN\",\"maxContentLength\":-1,\"maxBodyLength\":-1,\"env\":{},\"headers\":{\"common\":{\"Accept\":\"application/json, text/plain, */*\"},\"delete\":{},\"get\":{},\"head\":{},\"post\":{},\"put\":{},\"patch\":{}},\"baseURL\":\"http://keycloak:8080\"}"}
{"level":20,"time":1751263346225,"pid":7,"hostname":"020e2065a895","class":"KafkaEventDispatcherService","msg":"📩 Registriere Topic \"user.shutdown.orchestrator\" für OrchestratorHandler.handle()"}
{"level":20,"time":1751263346225,"pid":7,"hostname":"020e2065a895","class":"KafkaEventDispatcherService","msg":"📩 Registriere Topic \"user.restart.orchestrator\" für OrchestratorHandler.handle()"}
{"level":20,"time":1751263346225,"pid":7,"hostname":"020e2065a895","class":"KafkaEventDispatcherService","msg":"📩 Registriere Topic \"user.start.orchestrator\" für OrchestratorHandler.handle()"}
{"level":20,"time":1751263346225,"pid":7,"hostname":"020e2065a895","class":"KafkaEventDispatcherService","msg":"📩 Registriere Topic \"all.shutdown.orchestrator\" für OrchestratorHandler.handle()"}
{"level":20,"time":1751263346225,"pid":7,"hostname":"020e2065a895","class":"KafkaEventDispatcherService","msg":"📩 Registriere Topic \"all.restart.orchestrator\" für OrchestratorHandler.handle()"}
{"level":20,"time":1751263346225,"pid":7,"hostname":"020e2065a895","class":"KafkaEventDispatcherService","msg":"📩 Registriere Topic \"all.start.orchestrator\" für OrchestratorHandler.handle()"}
{"level":30,"time":1751263346318,"pid":7,"hostname":"020e2065a895","class":"BannerService","msg":"=== Anwendungsinformationen ==="}
{"level":30,"time":1751263346318,"pid":7,"hostname":"020e2065a895","class":"BannerService","msg":"Anwendungsname: User"}
{"level":30,"time":1751263346318,"pid":7,"hostname":"020e2065a895","class":"BannerService","msg":"Node.js-Version: v23.10.0"}
{"level":30,"time":1751263346318,"pid":7,"hostname":"020e2065a895","class":"BannerService","msg":"Umgebung: development"}
{"level":30,"time":1751263346318,"pid":7,"hostname":"020e2065a895","class":"BannerService","msg":"Host: 020e2065a895"}
{"level":30,"time":1751263346318,"pid":7,"hostname":"020e2065a895","class":"BannerService","msg":"Port: 3000"}
{"level":30,"time":1751263346318,"pid":7,"hostname":"020e2065a895","class":"BannerService","msg":"Datenbank: kk"}
{"level":30,"time":1751263346318,"pid":7,"hostname":"020e2065a895","class":"BannerService","msg":"Betriebssystem: Linux (6.10.14-linuxkit)"}
{"level":30,"time":1751263346318,"pid":7,"hostname":"020e2065a895","class":"BannerService","msg":"Benutzer: node"}
{"level":30,"time":1751263346318,"pid":7,"hostname":"020e2065a895","class":"BannerService","msg":"==============================="}
{"level":40,"time":1751263346319,"pid":7,"hostname":"020e2065a895","class":"DbPopulateService","msg":"postgres: DB wird neu geladen"}
{"level":20,"time":1751263346319,"pid":7,"hostname":"020e2065a895","class":"DbPopulateService","msg":"dropScript = /opt/app/dist/config/resources/db/postgres/drop.sql"}
{"level":20,"time":1751263346353,"pid":7,"hostname":"020e2065a895","class":"DbPopulateService","msg":"createScript = /opt/app/dist/config/resources/db/postgres/create.sql"}
{"level":40,"time":1751263346470,"pid":7,"hostname":"020e2065a895","class":"DbPopulateService","msg":"DB wurde neu geladen"}
{"level":20,"time":1751263840148,"pid":7,"hostname":"fc296c0bd271","class":"KeycloakService","msg":"keycloakClient={\"transitional\":{\"silentJSONParsing\":true,\"forcedJSONParsing\":true,\"clarifyTimeoutError\":false},\"adapter\":[\"xhr\",\"http\",\"fetch\"],\"transformRequest\":[null],\"transformResponse\":[null],\"timeout\":0,\"xsrfCookieName\":\"XSRF-TOKEN\",\"xsrfHeaderName\":\"X-XSRF-TOKEN\",\"maxContentLength\":-1,\"maxBodyLength\":-1,\"env\":{},\"headers\":{\"common\":{\"Accept\":\"application/json, text/plain, */*\"},\"delete\":{},\"get\":{},\"head\":{},\"post\":{},\"put\":{},\"patch\":{}},\"baseURL\":\"http://keycloak:8080\"}"}
{"level":20,"time":1751263840148,"pid":7,"hostname":"fc296c0bd271","class":"KeycloakService","msg":"keycloakClient={\"transitional\":{\"silentJSONParsing\":true,\"forcedJSONParsing\":true,\"clarifyTimeoutError\":false},\"adapter\":[\"xhr\",\"http\",\"fetch\"],\"transformRequest\":[null],\"transformResponse\":[null],\"timeout\":0,\"xsrfCookieName\":\"XSRF-TOKEN\",\"xsrfHeaderName\":\"X-XSRF-TOKEN\",\"maxContentLength\":-1,\"maxBodyLength\":-1,\"env\":{},\"headers\":{\"common\":{\"Accept\":\"application/json, text/plain, */*\"},\"delete\":{},\"get\":{},\"head\":{},\"post\":{},\"put\":{},\"patch\":{}},\"baseURL\":\"http://keycloak:8080\"}"}
{"level":20,"time":1751263840265,"pid":7,"hostname":"fc296c0bd271","class":"KafkaEventDispatcherService","msg":"📩 Registriere Topic \"user.shutdown.orchestrator\" für OrchestratorHandler.handle()"}
{"level":20,"time":1751263840265,"pid":7,"hostname":"fc296c0bd271","class":"KafkaEventDispatcherService","msg":"📩 Registriere Topic \"user.restart.orchestrator\" für OrchestratorHandler.handle()"}
{"level":20,"time":1751263840265,"pid":7,"hostname":"fc296c0bd271","class":"KafkaEventDispatcherService","msg":"📩 Registriere Topic \"user.start.orchestrator\" für OrchestratorHandler.handle()"}
{"level":20,"time":1751263840265,"pid":7,"hostname":"fc296c0bd271","class":"KafkaEventDispatcherService","msg":"📩 Registriere Topic \"all.shutdown.orchestrator\" für OrchestratorHandler.handle()"}
{"level":20,"time":1751263840265,"pid":7,"hostname":"fc296c0bd271","class":"KafkaEventDispatcherService","msg":"📩 Registriere Topic \"all.restart.orchestrator\" für OrchestratorHandler.handle()"}
{"level":20,"time":1751263840265,"pid":7,"hostname":"fc296c0bd271","class":"KafkaEventDispatcherService","msg":"📩 Registriere Topic \"all.start.orchestrator\" für OrchestratorHandler.handle()"}
{"level":30,"time":1751263840346,"pid":7,"hostname":"fc296c0bd271","class":"BannerService","msg":"=== Anwendungsinformationen ==="}
{"level":30,"time":1751263840346,"pid":7,"hostname":"fc296c0bd271","class":"BannerService","msg":"Anwendungsname: User"}
{"level":30,"time":1751263840346,"pid":7,"hostname":"fc296c0bd271","class":"BannerService","msg":"Node.js-Version: v23.10.0"}
{"level":30,"time":1751263840346,"pid":7,"hostname":"fc296c0bd271","class":"BannerService","msg":"Umgebung: development"}
{"level":30,"time":1751263840346,"pid":7,"hostname":"fc296c0bd271","class":"BannerService","msg":"Host: fc296c0bd271"}
{"level":30,"time":1751263840346,"pid":7,"hostname":"fc296c0bd271","class":"BannerService","msg":"Port: 3000"}
{"level":30,"time":1751263840346,"pid":7,"hostname":"fc296c0bd271","class":"BannerService","msg":"Datenbank: kk"}
{"level":30,"time":1751263840346,"pid":7,"hostname":"fc296c0bd271","class":"BannerService","msg":"Betriebssystem: Linux (6.10.14-linuxkit)"}
{"level":30,"time":1751263840346,"pid":7,"hostname":"fc296c0bd271","class":"BannerService","msg":"Benutzer: node"}
{"level":30,"time":1751263840346,"pid":7,"hostname":"fc296c0bd271","class":"BannerService","msg":"==============================="}
{"level":40,"time":1751263840348,"pid":7,"hostname":"fc296c0bd271","class":"DbPopulateService","msg":"postgres: DB wird neu geladen"}
{"level":20,"time":1751263840348,"pid":7,"hostname":"fc296c0bd271","class":"DbPopulateService","msg":"dropScript = /opt/app/dist/config/resources/db/postgres/drop.sql"}
{"level":20,"time":1751263840386,"pid":7,"hostname":"fc296c0bd271","class":"DbPopulateService","msg":"createScript = /opt/app/dist/config/resources/db/postgres/create.sql"}
{"level":40,"time":1751263840443,"pid":7,"hostname":"fc296c0bd271","class":"DbPopulateService","msg":"DB wurde neu geladen"}
{"level":20,"time":1751264072279,"pid":7,"hostname":"92abdd2f2914","class":"KeycloakService","msg":"keycloakClient={\"transitional\":{\"silentJSONParsing\":true,\"forcedJSONParsing\":true,\"clarifyTimeoutError\":false},\"adapter\":[\"xhr\",\"http\",\"fetch\"],\"transformRequest\":[null],\"transformResponse\":[null],\"timeout\":0,\"xsrfCookieName\":\"XSRF-TOKEN\",\"xsrfHeaderName\":\"X-XSRF-TOKEN\",\"maxContentLength\":-1,\"maxBodyLength\":-1,\"env\":{},\"headers\":{\"common\":{\"Accept\":\"application/json, text/plain, */*\"},\"delete\":{},\"get\":{},\"head\":{},\"post\":{},\"put\":{},\"patch\":{}},\"baseURL\":\"http://keycloak:8080\"}"}
{"level":20,"time":1751264072279,"pid":7,"hostname":"92abdd2f2914","class":"KeycloakService","msg":"keycloakClient={\"transitional\":{\"silentJSONParsing\":true,\"forcedJSONParsing\":true,\"clarifyTimeoutError\":false},\"adapter\":[\"xhr\",\"http\",\"fetch\"],\"transformRequest\":[null],\"transformResponse\":[null],\"timeout\":0,\"xsrfCookieName\":\"XSRF-TOKEN\",\"xsrfHeaderName\":\"X-XSRF-TOKEN\",\"maxContentLength\":-1,\"maxBodyLength\":-1,\"env\":{},\"headers\":{\"common\":{\"Accept\":\"application/json, text/plain, */*\"},\"delete\":{},\"get\":{},\"head\":{},\"post\":{},\"put\":{},\"patch\":{}},\"baseURL\":\"http://keycloak:8080\"}"}
{"level":20,"time":1751264072381,"pid":7,"hostname":"92abdd2f2914","class":"KafkaEventDispatcherService","msg":"📩 Registriere Topic \"user.shutdown.orchestrator\" für OrchestratorHandler.handle()"}
{"level":20,"time":1751264072381,"pid":7,"hostname":"92abdd2f2914","class":"KafkaEventDispatcherService","msg":"📩 Registriere Topic \"user.restart.orchestrator\" für OrchestratorHandler.handle()"}
{"level":20,"time":1751264072381,"pid":7,"hostname":"92abdd2f2914","class":"KafkaEventDispatcherService","msg":"📩 Registriere Topic \"user.start.orchestrator\" für OrchestratorHandler.handle()"}
{"level":20,"time":1751264072381,"pid":7,"hostname":"92abdd2f2914","class":"KafkaEventDispatcherService","msg":"📩 Registriere Topic \"all.shutdown.orchestrator\" für OrchestratorHandler.handle()"}
{"level":20,"time":1751264072381,"pid":7,"hostname":"92abdd2f2914","class":"KafkaEventDispatcherService","msg":"📩 Registriere Topic \"all.restart.orchestrator\" für OrchestratorHandler.handle()"}
{"level":20,"time":1751264072381,"pid":7,"hostname":"92abdd2f2914","class":"KafkaEventDispatcherService","msg":"📩 Registriere Topic \"all.start.orchestrator\" für OrchestratorHandler.handle()"}
{"level":30,"time":1751264072474,"pid":7,"hostname":"92abdd2f2914","class":"BannerService","msg":"=== Anwendungsinformationen ==="}
{"level":30,"time":1751264072475,"pid":7,"hostname":"92abdd2f2914","class":"BannerService","msg":"Anwendungsname: User"}
{"level":30,"time":1751264072475,"pid":7,"hostname":"92abdd2f2914","class":"BannerService","msg":"Node.js-Version: v23.10.0"}
{"level":30,"time":1751264072475,"pid":7,"hostname":"92abdd2f2914","class":"BannerService","msg":"Umgebung: development"}
{"level":30,"time":1751264072475,"pid":7,"hostname":"92abdd2f2914","class":"BannerService","msg":"Host: 92abdd2f2914"}
{"level":30,"time":1751264072475,"pid":7,"hostname":"92abdd2f2914","class":"BannerService","msg":"Port: 3000"}
{"level":30,"time":1751264072475,"pid":7,"hostname":"92abdd2f2914","class":"BannerService","msg":"Datenbank: kk"}
{"level":30,"time":1751264072475,"pid":7,"hostname":"92abdd2f2914","class":"BannerService","msg":"Betriebssystem: Linux (6.10.14-linuxkit)"}
{"level":30,"time":1751264072475,"pid":7,"hostname":"92abdd2f2914","class":"BannerService","msg":"Benutzer: node"}
{"level":30,"time":1751264072475,"pid":7,"hostname":"92abdd2f2914","class":"BannerService","msg":"==============================="}
{"level":40,"time":1751264072475,"pid":7,"hostname":"92abdd2f2914","class":"DbPopulateService","msg":"postgres: DB wird neu geladen"}
{"level":20,"time":1751264072475,"pid":7,"hostname":"92abdd2f2914","class":"DbPopulateService","msg":"dropScript = /opt/app/dist/config/resources/db/postgres/drop.sql"}
{"level":20,"time":1751264072496,"pid":7,"hostname":"92abdd2f2914","class":"DbPopulateService","msg":"createScript = /opt/app/dist/config/resources/db/postgres/create.sql"}
{"level":40,"time":1751264072566,"pid":7,"hostname":"92abdd2f2914","class":"DbPopulateService","msg":"DB wurde neu geladen"}
{"level":20,"time":1751264077624,"pid":7,"hostname":"92abdd2f2914","class":"RequestLoggerMiddleware","msg":"method=POST, url=/graphql, header={\"content-type\":\"application/json\",\"accept\":\"*/*\",\"content-length\":\"69\",\"user-agent\":\"minipass-fetch/3.0.5 (+https://github.com/isaacs/minipass-fetch)\",\"accept-encoding\":\"gzip,deflate\",\"host\":\"answer:3000\",\"connection\":\"keep-alive\"}"}
