{"level":30,"time":1751264077736,"pid":7,"hostname":"6777bc203dfb","class":"BannerService","msg":"=== Anwendungsinformationen ==="}
{"level":30,"time":1751264077736,"pid":7,"hostname":"6777bc203dfb","class":"BannerService","msg":"Anwendungsname: Gateway"}
{"level":30,"time":1751264077736,"pid":7,"hostname":"6777bc203dfb","class":"BannerService","msg":"Node.js-Version: v23.10.0"}
{"level":30,"time":1751264077736,"pid":7,"hostname":"6777bc203dfb","class":"BannerService","msg":"Umgebung: development"}
{"level":30,"time":1751264077736,"pid":7,"hostname":"6777bc203dfb","class":"BannerService","msg":"Protokol: http"}
{"level":30,"time":1751264077736,"pid":7,"hostname":"6777bc203dfb","class":"BannerService","msg":"Host: 6777bc203dfb"}
{"level":30,"time":1751264077736,"pid":7,"hostname":"6777bc203dfb","class":"BannerService","msg":"Port: 3000"}
{"level":30,"time":1751264077736,"pid":7,"hostname":"6777bc203dfb","class":"BannerService","msg":"Datenbank: notification"}
{"level":30,"time":1751264077736,"pid":7,"hostname":"6777bc203dfb","class":"BannerService","msg":"Betriebssystem: Linux (6.10.14-linuxkit)"}
{"level":30,"time":1751264077737,"pid":7,"hostname":"6777bc203dfb","class":"BannerService","msg":"Benutzer: node"}
{"level":30,"time":1751264077737,"pid":7,"hostname":"6777bc203dfb","class":"BannerService","msg":"Swagger UI: /swagger"}
{"level":30,"time":1751264077737,"pid":7,"hostname":"6777bc203dfb","class":"BannerService","msg":"==============================="}
{"level":30,"time":1751277843839,"pid":7,"hostname":"39d075e133c1","class":"BannerService","msg":"=== Anwendungsinformationen ==="}
{"level":30,"time":1751277843839,"pid":7,"hostname":"39d075e133c1","class":"BannerService","msg":"Anwendungsname: Gateway"}
{"level":30,"time":1751277843839,"pid":7,"hostname":"39d075e133c1","class":"BannerService","msg":"Node.js-Version: v23.10.0"}
{"level":30,"time":1751277843839,"pid":7,"hostname":"39d075e133c1","class":"BannerService","msg":"Umgebung: development"}
{"level":30,"time":1751277843839,"pid":7,"hostname":"39d075e133c1","class":"BannerService","msg":"Protokol: http"}
{"level":30,"time":1751277843839,"pid":7,"hostname":"39d075e133c1","class":"BannerService","msg":"Host: 39d075e133c1"}
{"level":30,"time":1751277843839,"pid":7,"hostname":"39d075e133c1","class":"BannerService","msg":"Port: 3000"}
{"level":30,"time":1751277843839,"pid":7,"hostname":"39d075e133c1","class":"BannerService","msg":"Datenbank: notification"}
{"level":30,"time":1751277843839,"pid":7,"hostname":"39d075e133c1","class":"BannerService","msg":"Betriebssystem: Linux (6.10.14-linuxkit)"}
{"level":30,"time":1751277843839,"pid":7,"hostname":"39d075e133c1","class":"BannerService","msg":"Benutzer: node"}
{"level":30,"time":1751277843839,"pid":7,"hostname":"39d075e133c1","class":"BannerService","msg":"Swagger UI: /swagger"}
{"level":30,"time":1751277843839,"pid":7,"hostname":"39d075e133c1","class":"BannerService","msg":"==============================="}
