{"level":30,"time":1751179101131,"pid":7,"hostname":"f910d31ec094","class":"BannerService","msg":"=== Anwendungsinformationen ==="}
{"level":30,"time":1751179101131,"pid":7,"hostname":"f910d31ec094","class":"BannerService","msg":"Anwendungsname: Gateway"}
{"level":30,"time":1751179101131,"pid":7,"hostname":"f910d31ec094","class":"BannerService","msg":"Node.js-Version: v23.10.0"}
{"level":30,"time":1751179101131,"pid":7,"hostname":"f910d31ec094","class":"BannerService","msg":"Umgebung: development"}
{"level":30,"time":1751179101131,"pid":7,"hostname":"f910d31ec094","class":"BannerService","msg":"Protokol: http"}
{"level":30,"time":1751179101131,"pid":7,"hostname":"f910d31ec094","class":"BannerService","msg":"Host: f910d31ec094"}
{"level":30,"time":1751179101131,"pid":7,"hostname":"f910d31ec094","class":"BannerService","msg":"Port: 3000"}
{"level":30,"time":1751179101131,"pid":7,"hostname":"f910d31ec094","class":"BannerService","msg":"Datenbank: notification"}
{"level":30,"time":1751179101131,"pid":7,"hostname":"f910d31ec094","class":"BannerService","msg":"Betriebssystem: Linux (6.10.14-linuxkit)"}
{"level":30,"time":1751179101131,"pid":7,"hostname":"f910d31ec094","class":"BannerService","msg":"Benutzer: node"}
{"level":30,"time":1751179101131,"pid":7,"hostname":"f910d31ec094","class":"BannerService","msg":"Swagger UI: /swagger"}
{"level":30,"time":1751179101131,"pid":7,"hostname":"f910d31ec094","class":"BannerService","msg":"==============================="}
{"level":30,"time":1751182038708,"pid":7,"hostname":"720b9fec556f","class":"BannerService","msg":"=== Anwendungsinformationen ==="}
{"level":30,"time":1751182038708,"pid":7,"hostname":"720b9fec556f","class":"BannerService","msg":"Anwendungsname: Gateway"}
{"level":30,"time":1751182038708,"pid":7,"hostname":"720b9fec556f","class":"BannerService","msg":"Node.js-Version: v23.10.0"}
{"level":30,"time":1751182038708,"pid":7,"hostname":"720b9fec556f","class":"BannerService","msg":"Umgebung: development"}
{"level":30,"time":1751182038708,"pid":7,"hostname":"720b9fec556f","class":"BannerService","msg":"Protokol: http"}
{"level":30,"time":1751182038708,"pid":7,"hostname":"720b9fec556f","class":"BannerService","msg":"Host: 720b9fec556f"}
{"level":30,"time":1751182038708,"pid":7,"hostname":"720b9fec556f","class":"BannerService","msg":"Port: 3000"}
{"level":30,"time":1751182038708,"pid":7,"hostname":"720b9fec556f","class":"BannerService","msg":"Datenbank: notification"}
{"level":30,"time":1751182038708,"pid":7,"hostname":"720b9fec556f","class":"BannerService","msg":"Betriebssystem: Linux (6.10.14-linuxkit)"}
{"level":30,"time":1751182038708,"pid":7,"hostname":"720b9fec556f","class":"BannerService","msg":"Benutzer: node"}
{"level":30,"time":1751182038708,"pid":7,"hostname":"720b9fec556f","class":"BannerService","msg":"Swagger UI: /swagger"}
{"level":30,"time":1751182038708,"pid":7,"hostname":"720b9fec556f","class":"BannerService","msg":"==============================="}
{"level":30,"time":1751182264184,"pid":7,"hostname":"720b9fec556f","class":"BannerService","msg":"=== Anwendungsinformationen ==="}
{"level":30,"time":1751182264184,"pid":7,"hostname":"720b9fec556f","class":"BannerService","msg":"Anwendungsname: Gateway"}
{"level":30,"time":1751182264184,"pid":7,"hostname":"720b9fec556f","class":"BannerService","msg":"Node.js-Version: v23.10.0"}
{"level":30,"time":1751182264184,"pid":7,"hostname":"720b9fec556f","class":"BannerService","msg":"Umgebung: development"}
{"level":30,"time":1751182264184,"pid":7,"hostname":"720b9fec556f","class":"BannerService","msg":"Protokol: http"}
{"level":30,"time":1751182264184,"pid":7,"hostname":"720b9fec556f","class":"BannerService","msg":"Host: 720b9fec556f"}
{"level":30,"time":1751182264184,"pid":7,"hostname":"720b9fec556f","class":"BannerService","msg":"Port: 3000"}
{"level":30,"time":1751182264184,"pid":7,"hostname":"720b9fec556f","class":"BannerService","msg":"Datenbank: notification"}
{"level":30,"time":1751182264184,"pid":7,"hostname":"720b9fec556f","class":"BannerService","msg":"Betriebssystem: Linux (6.10.14-linuxkit)"}
{"level":30,"time":1751182264184,"pid":7,"hostname":"720b9fec556f","class":"BannerService","msg":"Benutzer: node"}
{"level":30,"time":1751182264184,"pid":7,"hostname":"720b9fec556f","class":"BannerService","msg":"Swagger UI: /swagger"}
{"level":30,"time":1751182264184,"pid":7,"hostname":"720b9fec556f","class":"BannerService","msg":"==============================="}
