{"level":30,"time":1751612582241,"pid":7,"hostname":"5f167663ebc0","class":"BannerService","msg":"=== Anwendungsinformationen ==="}
{"level":30,"time":1751612582241,"pid":7,"hostname":"5f167663ebc0","class":"BannerService","msg":"Anwendungsname: Gateway"}
{"level":30,"time":1751612582241,"pid":7,"hostname":"5f167663ebc0","class":"BannerService","msg":"Node.js-Version: v23.10.0"}
{"level":30,"time":1751612582241,"pid":7,"hostname":"5f167663ebc0","class":"BannerService","msg":"Umgebung: development"}
{"level":30,"time":1751612582241,"pid":7,"hostname":"5f167663ebc0","class":"BannerService","msg":"Protokol: http"}
{"level":30,"time":1751612582241,"pid":7,"hostname":"5f167663ebc0","class":"BannerService","msg":"Host: 5f167663ebc0"}
{"level":30,"time":1751612582241,"pid":7,"hostname":"5f167663ebc0","class":"BannerService","msg":"Port: 3000"}
{"level":30,"time":1751612582241,"pid":7,"hostname":"5f167663ebc0","class":"BannerService","msg":"Datenbank: notification"}
{"level":30,"time":1751612582241,"pid":7,"hostname":"5f167663ebc0","class":"BannerService","msg":"Betriebssystem: Linux (6.10.14-linuxkit)"}
{"level":30,"time":1751612582241,"pid":7,"hostname":"5f167663ebc0","class":"BannerService","msg":"Benutzer: node"}
{"level":30,"time":1751612582241,"pid":7,"hostname":"5f167663ebc0","class":"BannerService","msg":"Swagger UI: /swagger"}
{"level":30,"time":1751612582241,"pid":7,"hostname":"5f167663ebc0","class":"BannerService","msg":"==============================="}
{"level":30,"time":1751612742504,"pid":7,"hostname":"f130db1557d5","class":"BannerService","msg":"=== Anwendungsinformationen ==="}
{"level":30,"time":1751612742504,"pid":7,"hostname":"f130db1557d5","class":"BannerService","msg":"Anwendungsname: Gateway"}
{"level":30,"time":1751612742504,"pid":7,"hostname":"f130db1557d5","class":"BannerService","msg":"Node.js-Version: v23.10.0"}
{"level":30,"time":1751612742504,"pid":7,"hostname":"f130db1557d5","class":"BannerService","msg":"Umgebung: development"}
{"level":30,"time":1751612742504,"pid":7,"hostname":"f130db1557d5","class":"BannerService","msg":"Protokol: http"}
{"level":30,"time":1751612742504,"pid":7,"hostname":"f130db1557d5","class":"BannerService","msg":"Host: f130db1557d5"}
{"level":30,"time":1751612742505,"pid":7,"hostname":"f130db1557d5","class":"BannerService","msg":"Port: 3000"}
{"level":30,"time":1751612742505,"pid":7,"hostname":"f130db1557d5","class":"BannerService","msg":"Datenbank: notification"}
{"level":30,"time":1751612742505,"pid":7,"hostname":"f130db1557d5","class":"BannerService","msg":"Betriebssystem: Linux (6.10.14-linuxkit)"}
{"level":30,"time":1751612742505,"pid":7,"hostname":"f130db1557d5","class":"BannerService","msg":"Benutzer: node"}
{"level":30,"time":1751612742505,"pid":7,"hostname":"f130db1557d5","class":"BannerService","msg":"Swagger UI: /swagger"}
{"level":30,"time":1751612742505,"pid":7,"hostname":"f130db1557d5","class":"BannerService","msg":"==============================="}
